<?xml version="1.0" encoding="UTF-8"?>
<!-- Generated by org.testng.reporters.JUnitReportReporter -->
<testsuite hostname="sandeepdalei" failures="0" tests="1" name="com.selenium.practice.TakeScreenSHotforFailedTest" time="3.804" errors="0" timestamp="2023-08-26T18:20:08 IST" skipped="0">
  <testcase classname="com.selenium.practice.TakeScreenSHotforFailedTest" name="check" time="3.804"/>
</testsuite> <!-- com.selenium.practice.TakeScreenSHotforFailedTest -->
