<?xml version="1.0" encoding="UTF-8"?>
<!-- Generated by org.testng.reporters.JUnitReportReporter -->
<testsuite hostname="sandeepdalei" failures="0" tests="1" name="com.java.practice.LargestNonRepeatingString" time="0.009" errors="0" timestamp="2024-03-24T16:16:09 IST" skipped="0">
  <testcase classname="com.java.practice.LargestNonRepeatingString" name="correctProcedureUsingMap" time="0.009"/>
</testsuite> <!-- com.java.practice.LargestNonRepeatingString -->
